23327 > no includes title
 23328 > no includes title
 23332 > no includes title
 23331 > no includes title
 23325 > no includes title
 23324 > no includes title
 23327 > no includes title
 23331 > no includes title
 23332 > no includes title
 23333 > no includes title
 23334 > no includes title
 23328 > no includes title
 23342 > no includes title
 23343 > no includes title
 23354 > no includes title
 23354 > no includes title
 23354 > no includes title
 23354 > no includes title
 23354 > no includes title
 23354 > no includes title
 23354 > no includes title
 23354 > no includes title
 23354 > no includes title
 23354 > no includes title
 23350 > no includes title
 23354 > no includes title
 23352 > no includes title
 23353 > no includes title
 23348 > no includes title
 23349 > no includes title
 23351 > no includes title
 23348 > no includes title
 23349 > no includes title
 23352 > no includes title
 23351 > no includes title
 23353 > no includes title
 23350 > no includes title
 23354 > no includes title
 23351 > no includes title
 23354 > no includes title
 23350 > no includes title
 23352 > no includes title
 23348 > no includes title
 23353 > no includes title
 23349 > no includes title
 23348 > no includes title
 23352 > no includes title
 23353 > no includes title
 23354 > no includes title
 23351 > no includes title
 23349 > no includes title
 23350 > no includes title
 23349 > no includes title
 23348 > no includes title
 23351 > no includes title
 23352 > no includes title
 23353 > no includes title
 23354 > no includes title
 23350 > no includes title
 23363 > no includes title
 23364 > no includes title
 23362 > no includes title
 23356 > no includes title
 23355 > no includes title
 23360 > file.on:error
 23361 > file.on:error
 23359 > file.on:error
 23365 > no includes title
 23367 > no includes title
 23369 > no includes title
 23366 > no includes title
 23368 > no includes title
 23355 > no includes title
 23363 > no includes title
 23364 > no includes title
 23362 > no includes title
 23356 > no includes title
 23359 > file.on:error
 23361 > file.on:error
 23360 > file.on:error
 23356 > no includes title
 23355 > no includes title
 23362 > no includes title
 23363 > no includes title
 23364 > no includes title
 23361 > file.on:error
 23360 > file.on:error
 23359 > file.on:error
 23362 > no includes title
 23356 > no includes title
 23355 > no includes title
 23360 > file.on:error
 23359 > file.on:error
 23361 > file.on:error
 23364 > no includes title
 23363 > no includes title
 23362 > no includes title
 23363 > no includes title
 23364 > no includes title
 23355 > no includes title
 23356 > no includes title
 23377 > no includes title
 23379 > no includes title
 23376 > no includes title
 23378 > no includes title
 23379 > no includes title
 23378 > no includes title
 23376 > no includes title
 23377 > no includes title
 23394 > no includes title
 23391 > no includes title
 23392 > no includes title
 23389 > no includes title
 23393 > no includes title
 23390 > no includes title
 23392 > no includes title
 23391 > no includes title
 23389 > no includes title
 23394 > no includes title
 23393 > no includes title
 23390 > no includes title
 23403 > no includes title
 23397 > no includes title
 23395 > no includes title
 23398 > no includes title
 23396 > no includes title
 23407 > no includes title
 23409 > no includes title
 23406 > no includes title
 23405 > no includes title
 23415 > no includes title
 23418 > no includes title
 23419 > no includes title
 23420 > no includes title
 23433 > no includes title
 23434 > no includes title
 23428 > no includes title
 23427 > no includes title
 23440 > no includes title
 23443 > no includes title
 23441 > no includes title
 23442 > no includes title
 23448 > no includes title
 23450 > no includes title
 23451 > no includes title
 23452 > no includes title
 23449 > no includes title
 23447 > no includes title
 23455 > no includes title
 23463 > no includes title
 23462 > no includes title
 23456 > no includes title
 23457 > no includes title
 23474 > no includes title
 23466 > no includes title
 23478 > no includes title
 23484 > no includes title
 23476 > no includes title
 23477 > no includes title
 23475 > no includes title
 23485 > no includes title
 23486 > no includes title
 23439 > http://progressive.enetres.net/getMedia.php?u=A217BCEBB2594BDF8FE2E65131DBF663&c=006&f=72f52732-e567-42ca-bfff-ae47e3988226-live2500.mp4
 23436 > http://progressive.enetres.net/getMedia.php?u=A217BCEBB2594BDF8FE2E65131DBF663&c=006&f=c7c6c2c0-59ad-4f67-9874-46dbcdc47d17-live2500.mp4
 23529 > http://progressive.enetres.net/getMedia.php?u=A217BCEBB2594BDF8FE2E65131DBF663&c=006&f=dvr-d2a4ed04-300723-061533-live2500.mp4
 23529 > http://progressive.enetres.net/getMedia.php?u=A217BCEBB2594BDF8FE2E65131DBF663&c=006&f=dvr-d2a4ed04-300723-061533-live2500.mp4
 23518 > http://progressive.enetres.net/getMedia.php?u=A217BCEBB2594BDF8FE2E65131DBF663&c=006&f=dvr-daf4976f-300723-071010-live2500.mp4
 23518 > no includes title
 23510 > http://progressive.enetres.net/getMedia.php?u=A217BCEBB2594BDF8FE2E65131DBF663&c=006&f=dvr-0d538458-300723-081116-live2500.mp4
 23520 > http://progressive.enetres.net/getMedia.php?u=A217BCEBB2594BDF8FE2E65131DBF663&c=006&f=dvr-f1d64460-300723-092113-live2500.mp4
 23520 > no includes title
 23522 > http://progressive.enetres.net/getMedia.php?u=A217BCEBB2594BDF8FE2E65131DBF663&c=006&f=dvr-605f4a2c-300723-041741-live2500.mp4
 23509 > http://progressive.enetres.net/getMedia.php?u=A217BCEBB2594BDF8FE2E65131DBF663&c=006&f=dvr-2fe5ae5f-300723-123309-live2500.mp4
 23514 > http://progressive.enetres.net/getMedia.php?u=A217BCEBB2594BDF8FE2E65131DBF663&c=006&f=dvr-1bfe38ec-300723-111612-live2500.mp4
 23514 > no includes title
 23521 > http://progressive.enetres.net/getMedia.php?u=A217BCEBB2594BDF8FE2E65131DBF663&c=006&f=dvr-65bdb9d6-300723-085058-live2500.mp4
 23521 > no includes title
 23523 > http://progressive.enetres.net/getMedia.php?u=A217BCEBB2594BDF8FE2E65131DBF663&c=006&f=dvr-255221d9-300723-041451-live2500.mp4
 23517 > http://progressive.enetres.net/getMedia.php?u=A217BCEBB2594BDF8FE2E65131DBF663&c=006&f=dvr-304f50e2-300723-073210-live2500.mp4
 23517 > no includes title
 23519 > http://progressive.enetres.net/getMedia.php?u=A217BCEBB2594BDF8FE2E65131DBF663&c=006&f=dvr-ad8a2e0b-300723-110458-live2500.mp4
 23519 > no includes title
 23516 > http://progressive.enetres.net/getMedia.php?u=A217BCEBB2594BDF8FE2E65131DBF663&c=006&f=dvr-5b978719-300723-081121-live2500.mp4
 23516 > no includes title
 23515 > http://progressive.enetres.net/getMedia.php?u=A217BCEBB2594BDF8FE2E65131DBF663&c=006&f=dvr-d9e160ee-300723-110412-live2500.mp4
 23515 > no includes title
 23439 > http://progressive.enetres.net/getMedia.php?u=A217BCEBB2594BDF8FE2E65131DBF663&c=006&f=72f52732-e567-42ca-bfff-ae47e3988226-live2500.mp4
 23439 > http://progressive.enetres.net/getMedia.php?u=A217BCEBB2594BDF8FE2E65131DBF663&c=006&f=72f52732-e567-42ca-bfff-ae47e3988226-live2500.mp4
 